<?xml version="1.0" encoding="UTF-8"?>
<!-- Generated by org.testng.reporters.JUnitXMLReporter -->
<testsuite hostname="Home-Laptop" ignored="0" name="The Internet websiteTests" tests="2" failures="0" timestamp="21 Oct 2020 12:23:10 GMT" time="21.037" errors="0">
  <testcase name="clickAbTestingLink" time="0.695" classname="PagesTheInternetHerokuApp.HomePage"/>
  <testcase name="clickAddRemoveElemntsLink" time="0.484" classname="PagesTheInternetHerokuApp.HomePage"/>
</testsuite> <!-- The Internet websiteTests -->
