<?xml version="1.0" encoding="UTF-8"?>
<testng-results skipped="0" failed="0" ignored="0" total="2" passed="2">
  <reporter-output>
  </reporter-output>
  <suite name="The Internet Test Suite" duration-ms="21037" started-at="2020-10-21T12:22:49Z" finished-at="2020-10-21T12:23:10Z">
    <groups>
      <group name="Smoke">
        <method signature="HomePage.clickAbTestingLink()[pri:0, instance:PagesTheInternetHerokuApp.HomePage@5e5792a0]" name="clickAbTestingLink" class="PagesTheInternetHerokuApp.HomePage"/>
        <method signature="HomePage.clickAddRemoveElemntsLink()[pri:1, instance:PagesTheInternetHerokuApp.HomePage@5e5792a0]" name="clickAddRemoveElemntsLink" class="PagesTheInternetHerokuApp.HomePage"/>
      </group> <!-- Smoke -->
    </groups>
    <test name="The Internet websiteTests" duration-ms="21037" started-at="2020-10-21T12:22:49Z" finished-at="2020-10-21T12:23:10Z">
      <class name="PagesTheInternetHerokuApp.HomePage">
        <test-method status="PASS" signature="initiateBrowser(java.lang.String)[pri:0, instance:PagesTheInternetHerokuApp.HomePage@5e5792a0]" name="initiateBrowser" is-config="true" duration-ms="9521" started-at="2020-10-21T13:22:49Z" finished-at="2020-10-21T13:22:59Z">
          <params>
            <param index="0">
              <value>
                <![CDATA[Chrome]]>
              </value>
            </param>
          </params>
          <reporter-output>
          </reporter-output>
        </test-method> <!-- initiateBrowser -->
        <test-method status="PASS" signature="clickAbTestingLink()[pri:0, instance:PagesTheInternetHerokuApp.HomePage@5e5792a0]" name="clickAbTestingLink" duration-ms="695" started-at="2020-10-21T13:22:59Z" description="Test Rail ID 0001" finished-at="2020-10-21T13:23:00Z">
          <reporter-output>
          </reporter-output>
        </test-method> <!-- clickAbTestingLink -->
        <test-method status="PASS" signature="tearDown()[pri:0, instance:PagesTheInternetHerokuApp.HomePage@5e5792a0]" name="tearDown" is-config="true" duration-ms="996" started-at="2020-10-21T13:23:00Z" finished-at="2020-10-21T13:23:01Z">
          <reporter-output>
          </reporter-output>
        </test-method> <!-- tearDown -->
        <test-method status="PASS" signature="initiateBrowser(java.lang.String)[pri:0, instance:PagesTheInternetHerokuApp.HomePage@5e5792a0]" name="initiateBrowser" is-config="true" duration-ms="8408" started-at="2020-10-21T13:23:01Z" finished-at="2020-10-21T13:23:09Z">
          <params>
            <param index="0">
              <value>
                <![CDATA[Chrome]]>
              </value>
            </param>
          </params>
          <reporter-output>
          </reporter-output>
        </test-method> <!-- initiateBrowser -->
        <test-method status="PASS" signature="clickAddRemoveElemntsLink()[pri:1, instance:PagesTheInternetHerokuApp.HomePage@5e5792a0]" name="clickAddRemoveElemntsLink" duration-ms="484" started-at="2020-10-21T13:23:09Z" description="Test Rail ID 0002" finished-at="2020-10-21T13:23:10Z">
          <reporter-output>
          </reporter-output>
        </test-method> <!-- clickAddRemoveElemntsLink -->
        <test-method status="PASS" signature="tearDown()[pri:0, instance:PagesTheInternetHerokuApp.HomePage@5e5792a0]" name="tearDown" is-config="true" duration-ms="867" started-at="2020-10-21T13:23:10Z" finished-at="2020-10-21T13:23:10Z">
          <reporter-output>
          </reporter-output>
        </test-method> <!-- tearDown -->
      </class> <!-- PagesTheInternetHerokuApp.HomePage -->
    </test> <!-- The Internet websiteTests -->
  </suite> <!-- The Internet Test Suite -->
</testng-results>
